<?xml version="1.0" encoding="UTF-8"?><testrun name="Hydroblock20Test" project="Georeferencing" tests="1" started="1" failures="0" errors="1" ignored="0">
  <testsuite name="ca.cidco.csb.test.Hydroblock20Test" time="0.0">
    <testcase name="initializationError" classname="ca.cidco.csb.test.Hydroblock20Test" time="0.0">
      <error>java.lang.reflect.InaccessibleObjectException: Unable to make public void ca.cidco.csb.surveyplatform.hydroblock.Hydroblock20.setPositions(java.util.ArrayList) accessible: module Georeferencing does not "exports ca.cidco.csb.surveyplatform.hydroblock" to module junit
	at java.base/java.lang.reflect.AccessibleObject.checkCanSetAccessible(AccessibleObject.java:354)
	at java.base/java.lang.reflect.AccessibleObject.checkCanSetAccessible(AccessibleObject.java:297)
	at java.base/java.lang.reflect.Method.checkCanSetAccessible(Method.java:199)
	at java.base/java.lang.reflect.Method.setAccessible(Method.java:193)
	at junit@1956/org.junit.runners.model.FrameworkMethod.&lt;init&gt;(FrameworkMethod.java:35)
	at junit@1956/org.junit.runners.model.TestClass.scanAnnotatedMembers(TestClass.java:66)
	at junit@1956/org.junit.runners.model.TestClass.&lt;init&gt;(TestClass.java:57)
	at junit@1956/org.junit.runners.JUnit4.&lt;init&gt;(JUnit4.java:23)
	at junit@1956/org.junit.internal.builders.JUnit4Builder.runnerForClass(JUnit4Builder.java:10)
	at junit@1956/org.junit.runners.model.RunnerBuilder.safeRunnerForClass(RunnerBuilder.java:70)
	at junit@1956/org.junit.internal.builders.AllDefaultPossibilitiesBuilder.runnerForClass(AllDefaultPossibilitiesBuilder.java:37)
	at junit@1956/org.junit.runners.model.RunnerBuilder.safeRunnerForClass(RunnerBuilder.java:70)
	at junit@1956/org.junit.internal.requests.ClassRequest.createRunner(ClassRequest.java:28)
	at junit@1956/org.junit.internal.requests.MemoizingRequest.getRunner(MemoizingRequest.java:19)
	at org.eclipse.jdt.internal.junit4.runner.JUnit4TestLoader.createUnfilteredTest(JUnit4TestLoader.java:90)
	at org.eclipse.jdt.internal.junit4.runner.JUnit4TestLoader.createTest(JUnit4TestLoader.java:76)
	at org.eclipse.jdt.internal.junit4.runner.JUnit4TestLoader.loadTests(JUnit4TestLoader.java:49)
	at org.eclipse.jdt.internal.junit.runner.RemoteTestRunner.runTests(RemoteTestRunner.java:513)
	at org.eclipse.jdt.internal.junit.runner.RemoteTestRunner.runTests(RemoteTestRunner.java:756)
	at org.eclipse.jdt.internal.junit.runner.RemoteTestRunner.run(RemoteTestRunner.java:452)
	at org.eclipse.jdt.internal.junit.runner.RemoteTestRunner.main(RemoteTestRunner.java:210)

</error>
    </testcase>
  </testsuite>
</testrun>
