<?xml version="1.0" encoding="UTF-8"?><testrun name="InterpolationTest" project="Georeferencing" tests="13" started="13" failures="0" errors="8" ignored="0">
  <testsuite name="ca.cidco.csb.test.InterpolationTest" time="0.053">
    <testcase name="testLinearAngleInterpolationByTimePass360" classname="ca.cidco.csb.test.InterpolationTest" time="0.044">
      <error>java.lang.Error: Unresolved compilation problem: 
	This method must return a result of type double

	at Georeferencing/ca.cidco.csb.utilities.Interpolation.linearAngleInterpolationByTime(Interpolation.java:111)
	at Georeferencing/ca.cidco.csb.test.InterpolationTest.testLinearAngleInterpolationByTimePass360(InterpolationTest.java:231)
	at java.base/jdk.internal.reflect.NativeMethodAccessorImpl.invoke0(Native Method)
	at java.base/jdk.internal.reflect.NativeMethodAccessorImpl.invoke(NativeMethodAccessorImpl.java:77)
	at java.base/jdk.internal.reflect.DelegatingMethodAccessorImpl.invoke(DelegatingMethodAccessorImpl.java:43)
	at java.base/java.lang.reflect.Method.invoke(Method.java:568)
	at junit@1956/org.junit.runners.model.FrameworkMethod$1.runReflectiveCall(FrameworkMethod.java:59)
	at junit@1956/org.junit.internal.runners.model.ReflectiveCallable.run(ReflectiveCallable.java:12)
	at junit@1956/org.junit.runners.model.FrameworkMethod.invokeExplosively(FrameworkMethod.java:56)
	at junit@1956/org.junit.internal.runners.statements.InvokeMethod.evaluate(InvokeMethod.java:17)
	at junit@1956/org.junit.runners.ParentRunner$3.evaluate(ParentRunner.java:306)
	at junit@1956/org.junit.runners.BlockJUnit4ClassRunner$1.evaluate(BlockJUnit4ClassRunner.java:100)
	at junit@1956/org.junit.runners.ParentRunner.runLeaf(ParentRunner.java:366)
	at junit@1956/org.junit.runners.BlockJUnit4ClassRunner.runChild(BlockJUnit4ClassRunner.java:103)
	at junit@1956/org.junit.runners.BlockJUnit4ClassRunner.runChild(BlockJUnit4ClassRunner.java:63)
	at junit@1956/org.junit.runners.ParentRunner$4.run(ParentRunner.java:331)
	at junit@1956/org.junit.runners.ParentRunner$1.schedule(ParentRunner.java:79)
	at junit@1956/org.junit.runners.ParentRunner.runChildren(ParentRunner.java:329)
	at junit@1956/org.junit.runners.ParentRunner.access$100(ParentRunner.java:66)
	at junit@1956/org.junit.runners.ParentRunner$2.evaluate(ParentRunner.java:293)
	at junit@1956/org.junit.runners.ParentRunner$3.evaluate(ParentRunner.java:306)
	at junit@1956/org.junit.runners.ParentRunner.run(ParentRunner.java:413)
	at org.eclipse.jdt.internal.junit4.runner.JUnit4TestReference.run(JUnit4TestReference.java:93)
	at org.eclipse.jdt.internal.junit.runner.TestExecution.run(TestExecution.java:40)
	at org.eclipse.jdt.internal.junit.runner.RemoteTestRunner.runTests(RemoteTestRunner.java:529)
	at org.eclipse.jdt.internal.junit.runner.RemoteTestRunner.runTests(RemoteTestRunner.java:756)
	at org.eclipse.jdt.internal.junit.runner.RemoteTestRunner.run(RemoteTestRunner.java:452)
	at org.eclipse.jdt.internal.junit.runner.RemoteTestRunner.main(RemoteTestRunner.java:210)

</error>
    </testcase>
    <testcase name="testLinearAngleInterpolationByTimeNotPass360" classname="ca.cidco.csb.test.InterpolationTest" time="0.001">
      <error>java.lang.Error: Unresolved compilation problem: 
	This method must return a result of type double

	at Georeferencing/ca.cidco.csb.utilities.Interpolation.linearAngleInterpolationByTime(Interpolation.java:111)
	at Georeferencing/ca.cidco.csb.test.InterpolationTest.testLinearAngleInterpolationByTimeNotPass360(InterpolationTest.java:240)
	at java.base/jdk.internal.reflect.NativeMethodAccessorImpl.invoke0(Native Method)
	at java.base/jdk.internal.reflect.NativeMethodAccessorImpl.invoke(NativeMethodAccessorImpl.java:77)
	at java.base/jdk.internal.reflect.DelegatingMethodAccessorImpl.invoke(DelegatingMethodAccessorImpl.java:43)
	at java.base/java.lang.reflect.Method.invoke(Method.java:568)
	at junit@1956/org.junit.runners.model.FrameworkMethod$1.runReflectiveCall(FrameworkMethod.java:59)
	at junit@1956/org.junit.internal.runners.model.ReflectiveCallable.run(ReflectiveCallable.java:12)
	at junit@1956/org.junit.runners.model.FrameworkMethod.invokeExplosively(FrameworkMethod.java:56)
	at junit@1956/org.junit.internal.runners.statements.InvokeMethod.evaluate(InvokeMethod.java:17)
	at junit@1956/org.junit.runners.ParentRunner$3.evaluate(ParentRunner.java:306)
	at junit@1956/org.junit.runners.BlockJUnit4ClassRunner$1.evaluate(BlockJUnit4ClassRunner.java:100)
	at junit@1956/org.junit.runners.ParentRunner.runLeaf(ParentRunner.java:366)
	at junit@1956/org.junit.runners.BlockJUnit4ClassRunner.runChild(BlockJUnit4ClassRunner.java:103)
	at junit@1956/org.junit.runners.BlockJUnit4ClassRunner.runChild(BlockJUnit4ClassRunner.java:63)
	at junit@1956/org.junit.runners.ParentRunner$4.run(ParentRunner.java:331)
	at junit@1956/org.junit.runners.ParentRunner$1.schedule(ParentRunner.java:79)
	at junit@1956/org.junit.runners.ParentRunner.runChildren(ParentRunner.java:329)
	at junit@1956/org.junit.runners.ParentRunner.access$100(ParentRunner.java:66)
	at junit@1956/org.junit.runners.ParentRunner$2.evaluate(ParentRunner.java:293)
	at junit@1956/org.junit.runners.ParentRunner$3.evaluate(ParentRunner.java:306)
	at junit@1956/org.junit.runners.ParentRunner.run(ParentRunner.java:413)
	at org.eclipse.jdt.internal.junit4.runner.JUnit4TestReference.run(JUnit4TestReference.java:93)
	at org.eclipse.jdt.internal.junit.runner.TestExecution.run(TestExecution.java:40)
	at org.eclipse.jdt.internal.junit.runner.RemoteTestRunner.runTests(RemoteTestRunner.java:529)
	at org.eclipse.jdt.internal.junit.runner.RemoteTestRunner.runTests(RemoteTestRunner.java:756)
	at org.eclipse.jdt.internal.junit.runner.RemoteTestRunner.run(RemoteTestRunner.java:452)
	at org.eclipse.jdt.internal.junit.runner.RemoteTestRunner.main(RemoteTestRunner.java:210)

</error>
    </testcase>
    <testcase name="testLinearInterpolation" classname="ca.cidco.csb.test.InterpolationTest" time="0.001"/>
    <testcase name="testLinearInterpolationByTimeFirstTimestampsHigherThenTheLast" classname="ca.cidco.csb.test.InterpolationTest" time="0.001"/>
    <testcase name="testLinearInterpolationByTimeEqualsTimestamps" classname="ca.cidco.csb.test.InterpolationTest" time="0.001"/>
    <testcase name="testLinearInterpolationByTimeValid" classname="ca.cidco.csb.test.InterpolationTest" time="0.0"/>
    <testcase name="testLinearInterpolationByTimeFirstTimestampsHigherThenInterpolate" classname="ca.cidco.csb.test.InterpolationTest" time="0.001"/>
    <testcase name="testLinearAngleInterpolationByTimeFirstTimestampsHigherThenTheLast" classname="ca.cidco.csb.test.InterpolationTest" time="0.001">
      <error>java.lang.Error: Unresolved compilation problem: 
	This method must return a result of type double

	at Georeferencing/ca.cidco.csb.utilities.Interpolation.linearAngleInterpolationByTime(Interpolation.java:111)
	at Georeferencing/ca.cidco.csb.test.InterpolationTest.testLinearAngleInterpolationByTimeFirstTimestampsHigherThenTheLast(InterpolationTest.java:200)
	at java.base/jdk.internal.reflect.NativeMethodAccessorImpl.invoke0(Native Method)
	at java.base/jdk.internal.reflect.NativeMethodAccessorImpl.invoke(NativeMethodAccessorImpl.java:77)
	at java.base/jdk.internal.reflect.DelegatingMethodAccessorImpl.invoke(DelegatingMethodAccessorImpl.java:43)
	at java.base/java.lang.reflect.Method.invoke(Method.java:568)
	at junit@1956/org.junit.runners.model.FrameworkMethod$1.runReflectiveCall(FrameworkMethod.java:59)
	at junit@1956/org.junit.internal.runners.model.ReflectiveCallable.run(ReflectiveCallable.java:12)
	at junit@1956/org.junit.runners.model.FrameworkMethod.invokeExplosively(FrameworkMethod.java:56)
	at junit@1956/org.junit.internal.runners.statements.InvokeMethod.evaluate(InvokeMethod.java:17)
	at junit@1956/org.junit.runners.ParentRunner$3.evaluate(ParentRunner.java:306)
	at junit@1956/org.junit.runners.BlockJUnit4ClassRunner$1.evaluate(BlockJUnit4ClassRunner.java:100)
	at junit@1956/org.junit.runners.ParentRunner.runLeaf(ParentRunner.java:366)
	at junit@1956/org.junit.runners.BlockJUnit4ClassRunner.runChild(BlockJUnit4ClassRunner.java:103)
	at junit@1956/org.junit.runners.BlockJUnit4ClassRunner.runChild(BlockJUnit4ClassRunner.java:63)
	at junit@1956/org.junit.runners.ParentRunner$4.run(ParentRunner.java:331)
	at junit@1956/org.junit.runners.ParentRunner$1.schedule(ParentRunner.java:79)
	at junit@1956/org.junit.runners.ParentRunner.runChildren(ParentRunner.java:329)
	at junit@1956/org.junit.runners.ParentRunner.access$100(ParentRunner.java:66)
	at junit@1956/org.junit.runners.ParentRunner$2.evaluate(ParentRunner.java:293)
	at junit@1956/org.junit.runners.ParentRunner$3.evaluate(ParentRunner.java:306)
	at junit@1956/org.junit.runners.ParentRunner.run(ParentRunner.java:413)
	at org.eclipse.jdt.internal.junit4.runner.JUnit4TestReference.run(JUnit4TestReference.java:93)
	at org.eclipse.jdt.internal.junit.runner.TestExecution.run(TestExecution.java:40)
	at org.eclipse.jdt.internal.junit.runner.RemoteTestRunner.runTests(RemoteTestRunner.java:529)
	at org.eclipse.jdt.internal.junit.runner.RemoteTestRunner.runTests(RemoteTestRunner.java:756)
	at org.eclipse.jdt.internal.junit.runner.RemoteTestRunner.run(RemoteTestRunner.java:452)
	at org.eclipse.jdt.internal.junit.runner.RemoteTestRunner.main(RemoteTestRunner.java:210)

</error>
    </testcase>
    <testcase name="testLinearAngleInterpolationByTimeTimestampDecale75Percent" classname="ca.cidco.csb.test.InterpolationTest" time="0.0">
      <error>java.lang.Error: Unresolved compilation problem: 
	This method must return a result of type double

	at Georeferencing/ca.cidco.csb.utilities.Interpolation.linearAngleInterpolationByTime(Interpolation.java:111)
	at Georeferencing/ca.cidco.csb.test.InterpolationTest.testLinearAngleInterpolationByTimeTimestampDecale75Percent(InterpolationTest.java:250)
	at java.base/jdk.internal.reflect.NativeMethodAccessorImpl.invoke0(Native Method)
	at java.base/jdk.internal.reflect.NativeMethodAccessorImpl.invoke(NativeMethodAccessorImpl.java:77)
	at java.base/jdk.internal.reflect.DelegatingMethodAccessorImpl.invoke(DelegatingMethodAccessorImpl.java:43)
	at java.base/java.lang.reflect.Method.invoke(Method.java:568)
	at junit@1956/org.junit.runners.model.FrameworkMethod$1.runReflectiveCall(FrameworkMethod.java:59)
	at junit@1956/org.junit.internal.runners.model.ReflectiveCallable.run(ReflectiveCallable.java:12)
	at junit@1956/org.junit.runners.model.FrameworkMethod.invokeExplosively(FrameworkMethod.java:56)
	at junit@1956/org.junit.internal.runners.statements.InvokeMethod.evaluate(InvokeMethod.java:17)
	at junit@1956/org.junit.runners.ParentRunner$3.evaluate(ParentRunner.java:306)
	at junit@1956/org.junit.runners.BlockJUnit4ClassRunner$1.evaluate(BlockJUnit4ClassRunner.java:100)
	at junit@1956/org.junit.runners.ParentRunner.runLeaf(ParentRunner.java:366)
	at junit@1956/org.junit.runners.BlockJUnit4ClassRunner.runChild(BlockJUnit4ClassRunner.java:103)
	at junit@1956/org.junit.runners.BlockJUnit4ClassRunner.runChild(BlockJUnit4ClassRunner.java:63)
	at junit@1956/org.junit.runners.ParentRunner$4.run(ParentRunner.java:331)
	at junit@1956/org.junit.runners.ParentRunner$1.schedule(ParentRunner.java:79)
	at junit@1956/org.junit.runners.ParentRunner.runChildren(ParentRunner.java:329)
	at junit@1956/org.junit.runners.ParentRunner.access$100(ParentRunner.java:66)
	at junit@1956/org.junit.runners.ParentRunner$2.evaluate(ParentRunner.java:293)
	at junit@1956/org.junit.runners.ParentRunner$3.evaluate(ParentRunner.java:306)
	at junit@1956/org.junit.runners.ParentRunner.run(ParentRunner.java:413)
	at org.eclipse.jdt.internal.junit4.runner.JUnit4TestReference.run(JUnit4TestReference.java:93)
	at org.eclipse.jdt.internal.junit.runner.TestExecution.run(TestExecution.java:40)
	at org.eclipse.jdt.internal.junit.runner.RemoteTestRunner.runTests(RemoteTestRunner.java:529)
	at org.eclipse.jdt.internal.junit.runner.RemoteTestRunner.runTests(RemoteTestRunner.java:756)
	at org.eclipse.jdt.internal.junit.runner.RemoteTestRunner.run(RemoteTestRunner.java:452)
	at org.eclipse.jdt.internal.junit.runner.RemoteTestRunner.main(RemoteTestRunner.java:210)

</error>
    </testcase>
    <testcase name="testLinearAngleInterpolationByTimeNegativeAngle" classname="ca.cidco.csb.test.InterpolationTest" time="0.001">
      <error>java.lang.Error: Unresolved compilation problem: 
	This method must return a result of type double

	at Georeferencing/ca.cidco.csb.utilities.Interpolation.linearAngleInterpolationByTime(Interpolation.java:111)
	at Georeferencing/ca.cidco.csb.test.InterpolationTest.testLinearAngleInterpolationByTimeNegativeAngle(InterpolationTest.java:260)
	at java.base/jdk.internal.reflect.NativeMethodAccessorImpl.invoke0(Native Method)
	at java.base/jdk.internal.reflect.NativeMethodAccessorImpl.invoke(NativeMethodAccessorImpl.java:77)
	at java.base/jdk.internal.reflect.DelegatingMethodAccessorImpl.invoke(DelegatingMethodAccessorImpl.java:43)
	at java.base/java.lang.reflect.Method.invoke(Method.java:568)
	at junit@1956/org.junit.runners.model.FrameworkMethod$1.runReflectiveCall(FrameworkMethod.java:59)
	at junit@1956/org.junit.internal.runners.model.ReflectiveCallable.run(ReflectiveCallable.java:12)
	at junit@1956/org.junit.runners.model.FrameworkMethod.invokeExplosively(FrameworkMethod.java:56)
	at junit@1956/org.junit.internal.runners.statements.InvokeMethod.evaluate(InvokeMethod.java:17)
	at junit@1956/org.junit.runners.ParentRunner$3.evaluate(ParentRunner.java:306)
	at junit@1956/org.junit.runners.BlockJUnit4ClassRunner$1.evaluate(BlockJUnit4ClassRunner.java:100)
	at junit@1956/org.junit.runners.ParentRunner.runLeaf(ParentRunner.java:366)
	at junit@1956/org.junit.runners.BlockJUnit4ClassRunner.runChild(BlockJUnit4ClassRunner.java:103)
	at junit@1956/org.junit.runners.BlockJUnit4ClassRunner.runChild(BlockJUnit4ClassRunner.java:63)
	at junit@1956/org.junit.runners.ParentRunner$4.run(ParentRunner.java:331)
	at junit@1956/org.junit.runners.ParentRunner$1.schedule(ParentRunner.java:79)
	at junit@1956/org.junit.runners.ParentRunner.runChildren(ParentRunner.java:329)
	at junit@1956/org.junit.runners.ParentRunner.access$100(ParentRunner.java:66)
	at junit@1956/org.junit.runners.ParentRunner$2.evaluate(ParentRunner.java:293)
	at junit@1956/org.junit.runners.ParentRunner$3.evaluate(ParentRunner.java:306)
	at junit@1956/org.junit.runners.ParentRunner.run(ParentRunner.java:413)
	at org.eclipse.jdt.internal.junit4.runner.JUnit4TestReference.run(JUnit4TestReference.java:93)
	at org.eclipse.jdt.internal.junit.runner.TestExecution.run(TestExecution.java:40)
	at org.eclipse.jdt.internal.junit.runner.RemoteTestRunner.runTests(RemoteTestRunner.java:529)
	at org.eclipse.jdt.internal.junit.runner.RemoteTestRunner.runTests(RemoteTestRunner.java:756)
	at org.eclipse.jdt.internal.junit.runner.RemoteTestRunner.run(RemoteTestRunner.java:452)
	at org.eclipse.jdt.internal.junit.runner.RemoteTestRunner.main(RemoteTestRunner.java:210)

</error>
    </testcase>
    <testcase name="testLinearAngleInterpolationByTimeFirstTimestampsHigherThenInterpolate" classname="ca.cidco.csb.test.InterpolationTest" time="0.001">
      <error>java.lang.Error: Unresolved compilation problem: 
	This method must return a result of type double

	at Georeferencing/ca.cidco.csb.utilities.Interpolation.linearAngleInterpolationByTime(Interpolation.java:111)
	at Georeferencing/ca.cidco.csb.test.InterpolationTest.testLinearAngleInterpolationByTimeFirstTimestampsHigherThenInterpolate(InterpolationTest.java:215)
	at java.base/jdk.internal.reflect.NativeMethodAccessorImpl.invoke0(Native Method)
	at java.base/jdk.internal.reflect.NativeMethodAccessorImpl.invoke(NativeMethodAccessorImpl.java:77)
	at java.base/jdk.internal.reflect.DelegatingMethodAccessorImpl.invoke(DelegatingMethodAccessorImpl.java:43)
	at java.base/java.lang.reflect.Method.invoke(Method.java:568)
	at junit@1956/org.junit.runners.model.FrameworkMethod$1.runReflectiveCall(FrameworkMethod.java:59)
	at junit@1956/org.junit.internal.runners.model.ReflectiveCallable.run(ReflectiveCallable.java:12)
	at junit@1956/org.junit.runners.model.FrameworkMethod.invokeExplosively(FrameworkMethod.java:56)
	at junit@1956/org.junit.internal.runners.statements.InvokeMethod.evaluate(InvokeMethod.java:17)
	at junit@1956/org.junit.runners.ParentRunner$3.evaluate(ParentRunner.java:306)
	at junit@1956/org.junit.runners.BlockJUnit4ClassRunner$1.evaluate(BlockJUnit4ClassRunner.java:100)
	at junit@1956/org.junit.runners.ParentRunner.runLeaf(ParentRunner.java:366)
	at junit@1956/org.junit.runners.BlockJUnit4ClassRunner.runChild(BlockJUnit4ClassRunner.java:103)
	at junit@1956/org.junit.runners.BlockJUnit4ClassRunner.runChild(BlockJUnit4ClassRunner.java:63)
	at junit@1956/org.junit.runners.ParentRunner$4.run(ParentRunner.java:331)
	at junit@1956/org.junit.runners.ParentRunner$1.schedule(ParentRunner.java:79)
	at junit@1956/org.junit.runners.ParentRunner.runChildren(ParentRunner.java:329)
	at junit@1956/org.junit.runners.ParentRunner.access$100(ParentRunner.java:66)
	at junit@1956/org.junit.runners.ParentRunner$2.evaluate(ParentRunner.java:293)
	at junit@1956/org.junit.runners.ParentRunner$3.evaluate(ParentRunner.java:306)
	at junit@1956/org.junit.runners.ParentRunner.run(ParentRunner.java:413)
	at org.eclipse.jdt.internal.junit4.runner.JUnit4TestReference.run(JUnit4TestReference.java:93)
	at org.eclipse.jdt.internal.junit.runner.TestExecution.run(TestExecution.java:40)
	at org.eclipse.jdt.internal.junit.runner.RemoteTestRunner.runTests(RemoteTestRunner.java:529)
	at org.eclipse.jdt.internal.junit.runner.RemoteTestRunner.runTests(RemoteTestRunner.java:756)
	at org.eclipse.jdt.internal.junit.runner.RemoteTestRunner.run(RemoteTestRunner.java:452)
	at org.eclipse.jdt.internal.junit.runner.RemoteTestRunner.main(RemoteTestRunner.java:210)

</error>
    </testcase>
    <testcase name="testLinearAngleInterpolationByTime180" classname="ca.cidco.csb.test.InterpolationTest" time="0.001">
      <error>java.lang.Error: Unresolved compilation problem: 
	This method must return a result of type double

	at Georeferencing/ca.cidco.csb.utilities.Interpolation.linearAngleInterpolationByTime(Interpolation.java:111)
	at Georeferencing/ca.cidco.csb.test.InterpolationTest.testLinearAngleInterpolationByTime180(InterpolationTest.java:272)
	at java.base/jdk.internal.reflect.NativeMethodAccessorImpl.invoke0(Native Method)
	at java.base/jdk.internal.reflect.NativeMethodAccessorImpl.invoke(NativeMethodAccessorImpl.java:77)
	at java.base/jdk.internal.reflect.DelegatingMethodAccessorImpl.invoke(DelegatingMethodAccessorImpl.java:43)
	at java.base/java.lang.reflect.Method.invoke(Method.java:568)
	at junit@1956/org.junit.runners.model.FrameworkMethod$1.runReflectiveCall(FrameworkMethod.java:59)
	at junit@1956/org.junit.internal.runners.model.ReflectiveCallable.run(ReflectiveCallable.java:12)
	at junit@1956/org.junit.runners.model.FrameworkMethod.invokeExplosively(FrameworkMethod.java:56)
	at junit@1956/org.junit.internal.runners.statements.InvokeMethod.evaluate(InvokeMethod.java:17)
	at junit@1956/org.junit.runners.ParentRunner$3.evaluate(ParentRunner.java:306)
	at junit@1956/org.junit.runners.BlockJUnit4ClassRunner$1.evaluate(BlockJUnit4ClassRunner.java:100)
	at junit@1956/org.junit.runners.ParentRunner.runLeaf(ParentRunner.java:366)
	at junit@1956/org.junit.runners.BlockJUnit4ClassRunner.runChild(BlockJUnit4ClassRunner.java:103)
	at junit@1956/org.junit.runners.BlockJUnit4ClassRunner.runChild(BlockJUnit4ClassRunner.java:63)
	at junit@1956/org.junit.runners.ParentRunner$4.run(ParentRunner.java:331)
	at junit@1956/org.junit.runners.ParentRunner$1.schedule(ParentRunner.java:79)
	at junit@1956/org.junit.runners.ParentRunner.runChildren(ParentRunner.java:329)
	at junit@1956/org.junit.runners.ParentRunner.access$100(ParentRunner.java:66)
	at junit@1956/org.junit.runners.ParentRunner$2.evaluate(ParentRunner.java:293)
	at junit@1956/org.junit.runners.ParentRunner$3.evaluate(ParentRunner.java:306)
	at junit@1956/org.junit.runners.ParentRunner.run(ParentRunner.java:413)
	at org.eclipse.jdt.internal.junit4.runner.JUnit4TestReference.run(JUnit4TestReference.java:93)
	at org.eclipse.jdt.internal.junit.runner.TestExecution.run(TestExecution.java:40)
	at org.eclipse.jdt.internal.junit.runner.RemoteTestRunner.runTests(RemoteTestRunner.java:529)
	at org.eclipse.jdt.internal.junit.runner.RemoteTestRunner.runTests(RemoteTestRunner.java:756)
	at org.eclipse.jdt.internal.junit.runner.RemoteTestRunner.run(RemoteTestRunner.java:452)
	at org.eclipse.jdt.internal.junit.runner.RemoteTestRunner.main(RemoteTestRunner.java:210)

</error>
    </testcase>
    <testcase name="testLinearAngleInterpolationByTimeEqualsTimestamps" classname="ca.cidco.csb.test.InterpolationTest" time="0.0">
      <error>java.lang.Error: Unresolved compilation problem: 
	This method must return a result of type double

	at Georeferencing/ca.cidco.csb.utilities.Interpolation.linearAngleInterpolationByTime(Interpolation.java:111)
	at Georeferencing/ca.cidco.csb.test.InterpolationTest.testLinearAngleInterpolationByTimeEqualsTimestamps(InterpolationTest.java:185)
	at java.base/jdk.internal.reflect.NativeMethodAccessorImpl.invoke0(Native Method)
	at java.base/jdk.internal.reflect.NativeMethodAccessorImpl.invoke(NativeMethodAccessorImpl.java:77)
	at java.base/jdk.internal.reflect.DelegatingMethodAccessorImpl.invoke(DelegatingMethodAccessorImpl.java:43)
	at java.base/java.lang.reflect.Method.invoke(Method.java:568)
	at junit@1956/org.junit.runners.model.FrameworkMethod$1.runReflectiveCall(FrameworkMethod.java:59)
	at junit@1956/org.junit.internal.runners.model.ReflectiveCallable.run(ReflectiveCallable.java:12)
	at junit@1956/org.junit.runners.model.FrameworkMethod.invokeExplosively(FrameworkMethod.java:56)
	at junit@1956/org.junit.internal.runners.statements.InvokeMethod.evaluate(InvokeMethod.java:17)
	at junit@1956/org.junit.runners.ParentRunner$3.evaluate(ParentRunner.java:306)
	at junit@1956/org.junit.runners.BlockJUnit4ClassRunner$1.evaluate(BlockJUnit4ClassRunner.java:100)
	at junit@1956/org.junit.runners.ParentRunner.runLeaf(ParentRunner.java:366)
	at junit@1956/org.junit.runners.BlockJUnit4ClassRunner.runChild(BlockJUnit4ClassRunner.java:103)
	at junit@1956/org.junit.runners.BlockJUnit4ClassRunner.runChild(BlockJUnit4ClassRunner.java:63)
	at junit@1956/org.junit.runners.ParentRunner$4.run(ParentRunner.java:331)
	at junit@1956/org.junit.runners.ParentRunner$1.schedule(ParentRunner.java:79)
	at junit@1956/org.junit.runners.ParentRunner.runChildren(ParentRunner.java:329)
	at junit@1956/org.junit.runners.ParentRunner.access$100(ParentRunner.java:66)
	at junit@1956/org.junit.runners.ParentRunner$2.evaluate(ParentRunner.java:293)
	at junit@1956/org.junit.runners.ParentRunner$3.evaluate(ParentRunner.java:306)
	at junit@1956/org.junit.runners.ParentRunner.run(ParentRunner.java:413)
	at org.eclipse.jdt.internal.junit4.runner.JUnit4TestReference.run(JUnit4TestReference.java:93)
	at org.eclipse.jdt.internal.junit.runner.TestExecution.run(TestExecution.java:40)
	at org.eclipse.jdt.internal.junit.runner.RemoteTestRunner.runTests(RemoteTestRunner.java:529)
	at org.eclipse.jdt.internal.junit.runner.RemoteTestRunner.runTests(RemoteTestRunner.java:756)
	at org.eclipse.jdt.internal.junit.runner.RemoteTestRunner.run(RemoteTestRunner.java:452)
	at org.eclipse.jdt.internal.junit.runner.RemoteTestRunner.main(RemoteTestRunner.java:210)

</error>
    </testcase>
  </testsuite>
</testrun>
