<?xml version="1.0" encoding="UTF-8"?><testrun name="InterpolationTest" project="Georeferencing" tests="2" started="2" failures="0" errors="2" ignored="0">
  <testsuite name="ca.cidco.csb.test.InterpolationTest" time="0.0">
    <testcase name="testLinearInterpolation" classname="ca.cidco.csb.test.InterpolationTest" time="0.0">
      <error>java.lang.Error: Unresolved compilation problem: 
	Default constructor cannot handle exception type Exception thrown by implicit super constructor. Must define an explicit constructor

	at Georeferencing/ca.cidco.csb.test.InterpolationTest.&lt;init&gt;(InterpolationTest.java:45)
	at java.base/jdk.internal.reflect.NativeConstructorAccessorImpl.newInstance0(Native Method)
	at java.base/jdk.internal.reflect.NativeConstructorAccessorImpl.newInstance(NativeConstructorAccessorImpl.java:77)
	at java.base/jdk.internal.reflect.DelegatingConstructorAccessorImpl.newInstance(DelegatingConstructorAccessorImpl.java:45)
	at java.base/java.lang.reflect.Constructor.newInstanceWithCaller(Constructor.java:499)
	at java.base/java.lang.reflect.Constructor.newInstance(Constructor.java:480)
	at junit@1956/org.junit.runners.BlockJUnit4ClassRunner.createTest(BlockJUnit4ClassRunner.java:250)
	at junit@1956/org.junit.runners.BlockJUnit4ClassRunner.createTest(BlockJUnit4ClassRunner.java:260)
	at junit@1956/org.junit.runners.BlockJUnit4ClassRunner$2.runReflectiveCall(BlockJUnit4ClassRunner.java:309)
	at junit@1956/org.junit.internal.runners.model.ReflectiveCallable.run(ReflectiveCallable.java:12)
	at junit@1956/org.junit.runners.BlockJUnit4ClassRunner.methodBlock(BlockJUnit4ClassRunner.java:306)
	at junit@1956/org.junit.runners.BlockJUnit4ClassRunner$1.evaluate(BlockJUnit4ClassRunner.java:100)
	at junit@1956/org.junit.runners.ParentRunner.runLeaf(ParentRunner.java:366)
	at junit@1956/org.junit.runners.BlockJUnit4ClassRunner.runChild(BlockJUnit4ClassRunner.java:103)
	at junit@1956/org.junit.runners.BlockJUnit4ClassRunner.runChild(BlockJUnit4ClassRunner.java:63)
	at junit@1956/org.junit.runners.ParentRunner$4.run(ParentRunner.java:331)
	at junit@1956/org.junit.runners.ParentRunner$1.schedule(ParentRunner.java:79)
	at junit@1956/org.junit.runners.ParentRunner.runChildren(ParentRunner.java:329)
	at junit@1956/org.junit.runners.ParentRunner.access$100(ParentRunner.java:66)
	at junit@1956/org.junit.runners.ParentRunner$2.evaluate(ParentRunner.java:293)
	at junit@1956/org.junit.runners.ParentRunner$3.evaluate(ParentRunner.java:306)
	at junit@1956/org.junit.runners.ParentRunner.run(ParentRunner.java:413)
	at org.eclipse.jdt.internal.junit4.runner.JUnit4TestReference.run(JUnit4TestReference.java:93)
	at org.eclipse.jdt.internal.junit.runner.TestExecution.run(TestExecution.java:40)
	at org.eclipse.jdt.internal.junit.runner.RemoteTestRunner.runTests(RemoteTestRunner.java:529)
	at org.eclipse.jdt.internal.junit.runner.RemoteTestRunner.runTests(RemoteTestRunner.java:756)
	at org.eclipse.jdt.internal.junit.runner.RemoteTestRunner.run(RemoteTestRunner.java:452)
	at org.eclipse.jdt.internal.junit.runner.RemoteTestRunner.main(RemoteTestRunner.java:210)

</error>
    </testcase>
    <testcase name="testLinearInterpolationByTime" classname="ca.cidco.csb.test.InterpolationTest" time="0.0">
      <error>java.lang.Error: Unresolved compilation problem: 
	Default constructor cannot handle exception type Exception thrown by implicit super constructor. Must define an explicit constructor

	at Georeferencing/ca.cidco.csb.test.InterpolationTest.&lt;init&gt;(InterpolationTest.java:45)
	at java.base/jdk.internal.reflect.NativeConstructorAccessorImpl.newInstance0(Native Method)
	at java.base/jdk.internal.reflect.NativeConstructorAccessorImpl.newInstance(NativeConstructorAccessorImpl.java:77)
	at java.base/jdk.internal.reflect.DelegatingConstructorAccessorImpl.newInstance(DelegatingConstructorAccessorImpl.java:45)
	at java.base/java.lang.reflect.Constructor.newInstanceWithCaller(Constructor.java:499)
	at java.base/java.lang.reflect.Constructor.newInstance(Constructor.java:480)
	at junit@1956/org.junit.runners.BlockJUnit4ClassRunner.createTest(BlockJUnit4ClassRunner.java:250)
	at junit@1956/org.junit.runners.BlockJUnit4ClassRunner.createTest(BlockJUnit4ClassRunner.java:260)
	at junit@1956/org.junit.runners.BlockJUnit4ClassRunner$2.runReflectiveCall(BlockJUnit4ClassRunner.java:309)
	at junit@1956/org.junit.internal.runners.model.ReflectiveCallable.run(ReflectiveCallable.java:12)
	at junit@1956/org.junit.runners.BlockJUnit4ClassRunner.methodBlock(BlockJUnit4ClassRunner.java:306)
	at junit@1956/org.junit.runners.BlockJUnit4ClassRunner$1.evaluate(BlockJUnit4ClassRunner.java:100)
	at junit@1956/org.junit.runners.ParentRunner.runLeaf(ParentRunner.java:366)
	at junit@1956/org.junit.runners.BlockJUnit4ClassRunner.runChild(BlockJUnit4ClassRunner.java:103)
	at junit@1956/org.junit.runners.BlockJUnit4ClassRunner.runChild(BlockJUnit4ClassRunner.java:63)
	at junit@1956/org.junit.runners.ParentRunner$4.run(ParentRunner.java:331)
	at junit@1956/org.junit.runners.ParentRunner$1.schedule(ParentRunner.java:79)
	at junit@1956/org.junit.runners.ParentRunner.runChildren(ParentRunner.java:329)
	at junit@1956/org.junit.runners.ParentRunner.access$100(ParentRunner.java:66)
	at junit@1956/org.junit.runners.ParentRunner$2.evaluate(ParentRunner.java:293)
	at junit@1956/org.junit.runners.ParentRunner$3.evaluate(ParentRunner.java:306)
	at junit@1956/org.junit.runners.ParentRunner.run(ParentRunner.java:413)
	at org.eclipse.jdt.internal.junit4.runner.JUnit4TestReference.run(JUnit4TestReference.java:93)
	at org.eclipse.jdt.internal.junit.runner.TestExecution.run(TestExecution.java:40)
	at org.eclipse.jdt.internal.junit.runner.RemoteTestRunner.runTests(RemoteTestRunner.java:529)
	at org.eclipse.jdt.internal.junit.runner.RemoteTestRunner.runTests(RemoteTestRunner.java:756)
	at org.eclipse.jdt.internal.junit.runner.RemoteTestRunner.run(RemoteTestRunner.java:452)
	at org.eclipse.jdt.internal.junit.runner.RemoteTestRunner.main(RemoteTestRunner.java:210)

</error>
    </testcase>
  </testsuite>
</testrun>
