<?xml version="1.0" encoding="UTF-8"?><testrun name="Hydroblock20Test" project="Georeferencing" tests="6" started="6" failures="5" errors="0" ignored="0">
  <testsuite name="ca.cidco.csb.test.Hydroblock20Test" time="1.585">
    <testcase name="testGetPositions" classname="ca.cidco.csb.test.Hydroblock20Test" time="0.003">
      <failure>java.lang.AssertionError
	at junit@1956/org.junit.Assert.fail(Assert.java:87)
	at junit@1956/org.junit.Assert.assertTrue(Assert.java:42)
	at junit@1956/org.junit.Assert.assertTrue(Assert.java:53)
	at Georeferencing/ca.cidco.csb.test.Hydroblock20Test.testGetPositions(Hydroblock20Test.java:37)
	at java.base/jdk.internal.reflect.NativeMethodAccessorImpl.invoke0(Native Method)
	at java.base/jdk.internal.reflect.NativeMethodAccessorImpl.invoke(NativeMethodAccessorImpl.java:77)
	at java.base/jdk.internal.reflect.DelegatingMethodAccessorImpl.invoke(DelegatingMethodAccessorImpl.java:43)
	at java.base/java.lang.reflect.Method.invoke(Method.java:568)
	at junit@1956/org.junit.runners.model.FrameworkMethod$1.runReflectiveCall(FrameworkMethod.java:59)
	at junit@1956/org.junit.internal.runners.model.ReflectiveCallable.run(ReflectiveCallable.java:12)
	at junit@1956/org.junit.runners.model.FrameworkMethod.invokeExplosively(FrameworkMethod.java:56)
	at junit@1956/org.junit.internal.runners.statements.InvokeMethod.evaluate(InvokeMethod.java:17)
	at junit@1956/org.junit.runners.ParentRunner$3.evaluate(ParentRunner.java:306)
	at junit@1956/org.junit.runners.BlockJUnit4ClassRunner$1.evaluate(BlockJUnit4ClassRunner.java:100)
	at junit@1956/org.junit.runners.ParentRunner.runLeaf(ParentRunner.java:366)
	at junit@1956/org.junit.runners.BlockJUnit4ClassRunner.runChild(BlockJUnit4ClassRunner.java:103)
	at junit@1956/org.junit.runners.BlockJUnit4ClassRunner.runChild(BlockJUnit4ClassRunner.java:63)
	at junit@1956/org.junit.runners.ParentRunner$4.run(ParentRunner.java:331)
	at junit@1956/org.junit.runners.ParentRunner$1.schedule(ParentRunner.java:79)
	at junit@1956/org.junit.runners.ParentRunner.runChildren(ParentRunner.java:329)
	at junit@1956/org.junit.runners.ParentRunner.access$100(ParentRunner.java:66)
	at junit@1956/org.junit.runners.ParentRunner$2.evaluate(ParentRunner.java:293)
	at junit@1956/org.junit.runners.ParentRunner$3.evaluate(ParentRunner.java:306)
	at junit@1956/org.junit.runners.ParentRunner.run(ParentRunner.java:413)
	at org.eclipse.jdt.internal.junit4.runner.JUnit4TestReference.run(JUnit4TestReference.java:93)
	at org.eclipse.jdt.internal.junit.runner.TestExecution.run(TestExecution.java:40)
	at org.eclipse.jdt.internal.junit.runner.RemoteTestRunner.runTests(RemoteTestRunner.java:529)
	at org.eclipse.jdt.internal.junit.runner.RemoteTestRunner.runTests(RemoteTestRunner.java:756)
	at org.eclipse.jdt.internal.junit.runner.RemoteTestRunner.run(RemoteTestRunner.java:452)
	at org.eclipse.jdt.internal.junit.runner.RemoteTestRunner.main(RemoteTestRunner.java:210)

</failure>
    </testcase>
    <testcase name="testRead" classname="ca.cidco.csb.test.Hydroblock20Test" time="1.58"/>
    <testcase name="testGetGnss" classname="ca.cidco.csb.test.Hydroblock20Test" time="0.0">
      <failure>java.lang.AssertionError: Not yet implemented
	at junit@1956/org.junit.Assert.fail(Assert.java:89)
	at Georeferencing/ca.cidco.csb.test.Hydroblock20Test.testGetGnss(Hydroblock20Test.java:58)
	at java.base/jdk.internal.reflect.NativeMethodAccessorImpl.invoke0(Native Method)
	at java.base/jdk.internal.reflect.NativeMethodAccessorImpl.invoke(NativeMethodAccessorImpl.java:77)
	at java.base/jdk.internal.reflect.DelegatingMethodAccessorImpl.invoke(DelegatingMethodAccessorImpl.java:43)
	at java.base/java.lang.reflect.Method.invoke(Method.java:568)
	at junit@1956/org.junit.runners.model.FrameworkMethod$1.runReflectiveCall(FrameworkMethod.java:59)
	at junit@1956/org.junit.internal.runners.model.ReflectiveCallable.run(ReflectiveCallable.java:12)
	at junit@1956/org.junit.runners.model.FrameworkMethod.invokeExplosively(FrameworkMethod.java:56)
	at junit@1956/org.junit.internal.runners.statements.InvokeMethod.evaluate(InvokeMethod.java:17)
	at junit@1956/org.junit.runners.ParentRunner$3.evaluate(ParentRunner.java:306)
	at junit@1956/org.junit.runners.BlockJUnit4ClassRunner$1.evaluate(BlockJUnit4ClassRunner.java:100)
	at junit@1956/org.junit.runners.ParentRunner.runLeaf(ParentRunner.java:366)
	at junit@1956/org.junit.runners.BlockJUnit4ClassRunner.runChild(BlockJUnit4ClassRunner.java:103)
	at junit@1956/org.junit.runners.BlockJUnit4ClassRunner.runChild(BlockJUnit4ClassRunner.java:63)
	at junit@1956/org.junit.runners.ParentRunner$4.run(ParentRunner.java:331)
	at junit@1956/org.junit.runners.ParentRunner$1.schedule(ParentRunner.java:79)
	at junit@1956/org.junit.runners.ParentRunner.runChildren(ParentRunner.java:329)
	at junit@1956/org.junit.runners.ParentRunner.access$100(ParentRunner.java:66)
	at junit@1956/org.junit.runners.ParentRunner$2.evaluate(ParentRunner.java:293)
	at junit@1956/org.junit.runners.ParentRunner$3.evaluate(ParentRunner.java:306)
	at junit@1956/org.junit.runners.ParentRunner.run(ParentRunner.java:413)
	at org.eclipse.jdt.internal.junit4.runner.JUnit4TestReference.run(JUnit4TestReference.java:93)
	at org.eclipse.jdt.internal.junit.runner.TestExecution.run(TestExecution.java:40)
	at org.eclipse.jdt.internal.junit.runner.RemoteTestRunner.runTests(RemoteTestRunner.java:529)
	at org.eclipse.jdt.internal.junit.runner.RemoteTestRunner.runTests(RemoteTestRunner.java:756)
	at org.eclipse.jdt.internal.junit.runner.RemoteTestRunner.run(RemoteTestRunner.java:452)
	at org.eclipse.jdt.internal.junit.runner.RemoteTestRunner.main(RemoteTestRunner.java:210)

</failure>
    </testcase>
    <testcase name="testSetPositions" classname="ca.cidco.csb.test.Hydroblock20Test" time="0.001">
      <failure>java.lang.AssertionError: Not yet implemented
	at junit@1956/org.junit.Assert.fail(Assert.java:89)
	at Georeferencing/ca.cidco.csb.test.Hydroblock20Test.testSetPositions(Hydroblock20Test.java:42)
	at java.base/jdk.internal.reflect.NativeMethodAccessorImpl.invoke0(Native Method)
	at java.base/jdk.internal.reflect.NativeMethodAccessorImpl.invoke(NativeMethodAccessorImpl.java:77)
	at java.base/jdk.internal.reflect.DelegatingMethodAccessorImpl.invoke(DelegatingMethodAccessorImpl.java:43)
	at java.base/java.lang.reflect.Method.invoke(Method.java:568)
	at junit@1956/org.junit.runners.model.FrameworkMethod$1.runReflectiveCall(FrameworkMethod.java:59)
	at junit@1956/org.junit.internal.runners.model.ReflectiveCallable.run(ReflectiveCallable.java:12)
	at junit@1956/org.junit.runners.model.FrameworkMethod.invokeExplosively(FrameworkMethod.java:56)
	at junit@1956/org.junit.internal.runners.statements.InvokeMethod.evaluate(InvokeMethod.java:17)
	at junit@1956/org.junit.runners.ParentRunner$3.evaluate(ParentRunner.java:306)
	at junit@1956/org.junit.runners.BlockJUnit4ClassRunner$1.evaluate(BlockJUnit4ClassRunner.java:100)
	at junit@1956/org.junit.runners.ParentRunner.runLeaf(ParentRunner.java:366)
	at junit@1956/org.junit.runners.BlockJUnit4ClassRunner.runChild(BlockJUnit4ClassRunner.java:103)
	at junit@1956/org.junit.runners.BlockJUnit4ClassRunner.runChild(BlockJUnit4ClassRunner.java:63)
	at junit@1956/org.junit.runners.ParentRunner$4.run(ParentRunner.java:331)
	at junit@1956/org.junit.runners.ParentRunner$1.schedule(ParentRunner.java:79)
	at junit@1956/org.junit.runners.ParentRunner.runChildren(ParentRunner.java:329)
	at junit@1956/org.junit.runners.ParentRunner.access$100(ParentRunner.java:66)
	at junit@1956/org.junit.runners.ParentRunner$2.evaluate(ParentRunner.java:293)
	at junit@1956/org.junit.runners.ParentRunner$3.evaluate(ParentRunner.java:306)
	at junit@1956/org.junit.runners.ParentRunner.run(ParentRunner.java:413)
	at org.eclipse.jdt.internal.junit4.runner.JUnit4TestReference.run(JUnit4TestReference.java:93)
	at org.eclipse.jdt.internal.junit.runner.TestExecution.run(TestExecution.java:40)
	at org.eclipse.jdt.internal.junit.runner.RemoteTestRunner.runTests(RemoteTestRunner.java:529)
	at org.eclipse.jdt.internal.junit.runner.RemoteTestRunner.runTests(RemoteTestRunner.java:756)
	at org.eclipse.jdt.internal.junit.runner.RemoteTestRunner.run(RemoteTestRunner.java:452)
	at org.eclipse.jdt.internal.junit.runner.RemoteTestRunner.main(RemoteTestRunner.java:210)

</failure>
    </testcase>
    <testcase name="testGetAttitudes" classname="ca.cidco.csb.test.Hydroblock20Test" time="0.0">
      <failure>java.lang.AssertionError: Not yet implemented
	at junit@1956/org.junit.Assert.fail(Assert.java:89)
	at Georeferencing/ca.cidco.csb.test.Hydroblock20Test.testGetAttitudes(Hydroblock20Test.java:48)
	at java.base/jdk.internal.reflect.NativeMethodAccessorImpl.invoke0(Native Method)
	at java.base/jdk.internal.reflect.NativeMethodAccessorImpl.invoke(NativeMethodAccessorImpl.java:77)
	at java.base/jdk.internal.reflect.DelegatingMethodAccessorImpl.invoke(DelegatingMethodAccessorImpl.java:43)
	at java.base/java.lang.reflect.Method.invoke(Method.java:568)
	at junit@1956/org.junit.runners.model.FrameworkMethod$1.runReflectiveCall(FrameworkMethod.java:59)
	at junit@1956/org.junit.internal.runners.model.ReflectiveCallable.run(ReflectiveCallable.java:12)
	at junit@1956/org.junit.runners.model.FrameworkMethod.invokeExplosively(FrameworkMethod.java:56)
	at junit@1956/org.junit.internal.runners.statements.InvokeMethod.evaluate(InvokeMethod.java:17)
	at junit@1956/org.junit.runners.ParentRunner$3.evaluate(ParentRunner.java:306)
	at junit@1956/org.junit.runners.BlockJUnit4ClassRunner$1.evaluate(BlockJUnit4ClassRunner.java:100)
	at junit@1956/org.junit.runners.ParentRunner.runLeaf(ParentRunner.java:366)
	at junit@1956/org.junit.runners.BlockJUnit4ClassRunner.runChild(BlockJUnit4ClassRunner.java:103)
	at junit@1956/org.junit.runners.BlockJUnit4ClassRunner.runChild(BlockJUnit4ClassRunner.java:63)
	at junit@1956/org.junit.runners.ParentRunner$4.run(ParentRunner.java:331)
	at junit@1956/org.junit.runners.ParentRunner$1.schedule(ParentRunner.java:79)
	at junit@1956/org.junit.runners.ParentRunner.runChildren(ParentRunner.java:329)
	at junit@1956/org.junit.runners.ParentRunner.access$100(ParentRunner.java:66)
	at junit@1956/org.junit.runners.ParentRunner$2.evaluate(ParentRunner.java:293)
	at junit@1956/org.junit.runners.ParentRunner$3.evaluate(ParentRunner.java:306)
	at junit@1956/org.junit.runners.ParentRunner.run(ParentRunner.java:413)
	at org.eclipse.jdt.internal.junit4.runner.JUnit4TestReference.run(JUnit4TestReference.java:93)
	at org.eclipse.jdt.internal.junit.runner.TestExecution.run(TestExecution.java:40)
	at org.eclipse.jdt.internal.junit.runner.RemoteTestRunner.runTests(RemoteTestRunner.java:529)
	at org.eclipse.jdt.internal.junit.runner.RemoteTestRunner.runTests(RemoteTestRunner.java:756)
	at org.eclipse.jdt.internal.junit.runner.RemoteTestRunner.run(RemoteTestRunner.java:452)
	at org.eclipse.jdt.internal.junit.runner.RemoteTestRunner.main(RemoteTestRunner.java:210)

</failure>
    </testcase>
    <testcase name="testGetDepths" classname="ca.cidco.csb.test.Hydroblock20Test" time="0.001">
      <failure>java.lang.AssertionError: Not yet implemented
	at junit@1956/org.junit.Assert.fail(Assert.java:89)
	at Georeferencing/ca.cidco.csb.test.Hydroblock20Test.testGetDepths(Hydroblock20Test.java:53)
	at java.base/jdk.internal.reflect.NativeMethodAccessorImpl.invoke0(Native Method)
	at java.base/jdk.internal.reflect.NativeMethodAccessorImpl.invoke(NativeMethodAccessorImpl.java:77)
	at java.base/jdk.internal.reflect.DelegatingMethodAccessorImpl.invoke(DelegatingMethodAccessorImpl.java:43)
	at java.base/java.lang.reflect.Method.invoke(Method.java:568)
	at junit@1956/org.junit.runners.model.FrameworkMethod$1.runReflectiveCall(FrameworkMethod.java:59)
	at junit@1956/org.junit.internal.runners.model.ReflectiveCallable.run(ReflectiveCallable.java:12)
	at junit@1956/org.junit.runners.model.FrameworkMethod.invokeExplosively(FrameworkMethod.java:56)
	at junit@1956/org.junit.internal.runners.statements.InvokeMethod.evaluate(InvokeMethod.java:17)
	at junit@1956/org.junit.runners.ParentRunner$3.evaluate(ParentRunner.java:306)
	at junit@1956/org.junit.runners.BlockJUnit4ClassRunner$1.evaluate(BlockJUnit4ClassRunner.java:100)
	at junit@1956/org.junit.runners.ParentRunner.runLeaf(ParentRunner.java:366)
	at junit@1956/org.junit.runners.BlockJUnit4ClassRunner.runChild(BlockJUnit4ClassRunner.java:103)
	at junit@1956/org.junit.runners.BlockJUnit4ClassRunner.runChild(BlockJUnit4ClassRunner.java:63)
	at junit@1956/org.junit.runners.ParentRunner$4.run(ParentRunner.java:331)
	at junit@1956/org.junit.runners.ParentRunner$1.schedule(ParentRunner.java:79)
	at junit@1956/org.junit.runners.ParentRunner.runChildren(ParentRunner.java:329)
	at junit@1956/org.junit.runners.ParentRunner.access$100(ParentRunner.java:66)
	at junit@1956/org.junit.runners.ParentRunner$2.evaluate(ParentRunner.java:293)
	at junit@1956/org.junit.runners.ParentRunner$3.evaluate(ParentRunner.java:306)
	at junit@1956/org.junit.runners.ParentRunner.run(ParentRunner.java:413)
	at org.eclipse.jdt.internal.junit4.runner.JUnit4TestReference.run(JUnit4TestReference.java:93)
	at org.eclipse.jdt.internal.junit.runner.TestExecution.run(TestExecution.java:40)
	at org.eclipse.jdt.internal.junit.runner.RemoteTestRunner.runTests(RemoteTestRunner.java:529)
	at org.eclipse.jdt.internal.junit.runner.RemoteTestRunner.runTests(RemoteTestRunner.java:756)
	at org.eclipse.jdt.internal.junit.runner.RemoteTestRunner.run(RemoteTestRunner.java:452)
	at org.eclipse.jdt.internal.junit.runner.RemoteTestRunner.main(RemoteTestRunner.java:210)

</failure>
    </testcase>
  </testsuite>
</testrun>
